<?xml version="1.0" encoding="UTF-8"?>
<!-- Generated by org.testng.reporters.JUnitXMLReporter -->
<testsuite ignored="1" hostname="DESKTOP-JF0QPK0" failures="0" tests="4" name="Personal Loan" time="0.094" errors="0" timestamp="2023-06-23T09:49:13 IST">
  <testcase classname="Test.test1" name="day1" time="0.008"/>
  <testcase classname="Test.test2" name="Handson" time="0.001"/>
  <testcase classname="Test.test2" name="practice" time="0.015"/>
  <testcase classname="Test.test2" name="sample" time="0.0"/>
  <testcase classname="Test.test1" name="day2" time="0.0">
    <ignored/>
  </testcase> <!-- day2 -->
</testsuite> <!-- Personal Loan -->
