<?xml version="1.0" encoding="UTF-8"?>
<testng-results ignored="0" total="10" passed="10" failed="0" skipped="0">
  <reporter-output>
  </reporter-output>
  <suite started-at="2023-06-28T16:53:45 IST" name="Default suite" finished-at="2023-06-28T16:54:34 IST" duration-ms="49080">
    <groups>
    </groups>
    <test started-at="2023-06-28T16:53:45 IST" name="Default test" finished-at="2023-06-28T16:54:34 IST" duration-ms="49080">
      <class name="Test.Make_my_tripTest">
        <test-method signature="initialize_the_driver()[pri:1, instance:Test.Make_my_tripTest@433defed]" started-at="2023-06-28T16:53:45 IST" name="initialize_the_driver" description="Successfuuly initialize the driver and hit the url in  browser" finished-at="2023-06-28T16:53:51 IST" duration-ms="5829" status="PASS">
          <reporter-output>
          </reporter-output>
        </test-method> <!-- initialize_the_driver -->
        <test-method signature="from_city()[pri:2, instance:Test.Make_my_tripTest@433defed]" started-at="2023-06-28T16:53:51 IST" name="from_city" description="Successfully select the from city" finished-at="2023-06-28T16:53:52 IST" duration-ms="1004" status="PASS">
          <reporter-output>
          </reporter-output>
        </test-method> <!-- from_city -->
        <test-method signature="to_city()[pri:3, instance:Test.Make_my_tripTest@433defed]" started-at="2023-06-28T16:53:52 IST" name="to_city" description="Successfully select the to city" finished-at="2023-06-28T16:53:52 IST" duration-ms="473" status="PASS">
          <reporter-output>
          </reporter-output>
        </test-method> <!-- to_city -->
        <test-method signature="calender_date()[pri:4, instance:Test.Make_my_tripTest@433defed]" started-at="2023-06-28T16:53:52 IST" name="calender_date" description="Successfully select the date from the calender" finished-at="2023-06-28T16:53:53 IST" duration-ms="166" status="PASS">
          <reporter-output>
          </reporter-output>
        </test-method> <!-- calender_date -->
        <test-method signature="traveller_class()[pri:5, instance:Test.Make_my_tripTest@433defed]" started-at="2023-06-28T16:53:53 IST" name="traveller_class" description="Successfully select the passanger type and travel class" finished-at="2023-06-28T16:53:56 IST" duration-ms="3539" status="PASS">
          <reporter-output>
          </reporter-output>
        </test-method> <!-- traveller_class -->
        <test-method signature="radio_button()[pri:6, instance:Test.Make_my_tripTest@433defed]" started-at="2023-06-28T16:53:56 IST" name="radio_button" description="Successfully click on the student radio button" finished-at="2023-06-28T16:53:56 IST" duration-ms="224" status="PASS">
          <reporter-output>
          </reporter-output>
        </test-method> <!-- radio_button -->
        <test-method signature="serach_button()[pri:7, instance:Test.Make_my_tripTest@433defed]" started-at="2023-06-28T16:53:56 IST" name="serach_button" description="Successfully click on the serach button" finished-at="2023-06-28T16:53:56 IST" duration-ms="126" status="PASS">
          <reporter-output>
          </reporter-output>
        </test-method> <!-- serach_button -->
        <test-method signature="gotit_button()[pri:8, instance:Test.Make_my_tripTest@433defed]" started-at="2023-06-28T16:53:56 IST" name="gotit_button" description="Successfully click on go it button" finished-at="2023-06-28T16:54:30 IST" duration-ms="33673" status="PASS">
          <reporter-output>
          </reporter-output>
        </test-method> <!-- gotit_button -->
        <test-method signature="slider_test()[pri:9, instance:Test.Make_my_tripTest@433defed]" started-at="2023-06-28T16:54:30 IST" name="slider_test" description="Successfully validate the slider" finished-at="2023-06-28T16:54:34 IST" duration-ms="3664" status="PASS">
          <reporter-output>
          </reporter-output>
        </test-method> <!-- slider_test -->
        <test-method signature="popular_filter_radio_button()[pri:10, instance:Test.Make_my_tripTest@433defed]" started-at="2023-06-28T16:54:34 IST" name="popular_filter_radio_button" description="Successfully verified the filter button" finished-at="2023-06-28T16:54:34 IST" duration-ms="293" status="PASS">
          <reporter-output>
          </reporter-output>
        </test-method> <!-- popular_filter_radio_button -->
      </class> <!-- Test.Make_my_tripTest -->
    </test> <!-- Default test -->
  </suite> <!-- Default suite -->
</testng-results>
