<?xml version="1.0" encoding="UTF-8"?>
<testsuite xmlns:xsi="http://www.w3.org/2001/XMLSchema-instance" xsi:noNamespaceSchemaLocation="https://maven.apache.org/surefire/maven-surefire-plugin/xsd/surefire-test-report-3.0.xsd" version="3.0" name="TestSuite" time="1.139" tests="27" errors="0" skipped="0" failures="0">
  <properties>
[...]
</properties>
  <testcase name="day1" classname="Test.test1" time="0.013">
    <system-out><![CDATA[Hello
]]></system-out>
    <system-err><![CDATA[SLF4J: Failed to load class "org.slf4j.impl.StaticLoggerBinder".
SLF4J: Defaulting to no-operation (NOP) logger implementation
SLF4J: See http://www.slf4j.org/codes.html#StaticLoggerBinder for further details.
]]></system-err>
  </testcase>
  <testcase name="day1" classname="Test.test1" time="0.002">
    <system-out><![CDATA[Hello
]]></system-out>
  </testcase>
  <testcase name="Handson" classname="Test.test2" time="0.002">
    <system-out><![CDATA[Hii
]]></system-out>
  </testcase>
  <testcase name="Handson" classname="Test.test2" time="0.001">
    <system-out><![CDATA[Hii
]]></system-out>
  </testcase>
  <testcase name="practice" classname="Test.test2" time="0.014">
    <system-out><![CDATA[Bye
]]></system-out>
  </testcase>
  <testcase name="practice" classname="Test.test2" time="0.003">
    <system-out><![CDATA[Bye
]]></system-out>
  </testcase>
  <testcase name="sample" classname="Test.test2" time="0.003">
    <system-out><![CDATA[Good
]]></system-out>
  </testcase>
  <testcase name="sample" classname="Test.test2" time="0.008">
    <system-out><![CDATA[Good
]]></system-out>
  </testcase>
  <testcase name="login" classname="Test.test3" time="0.003">
    <system-out><![CDATA[Everone
]]></system-out>
  </testcase>
  <testcase name="login" classname="Test.test3" time="0.004">
    <system-out><![CDATA[Everone
]]></system-out>
  </testcase>
  <testcase name="signup" classname="Test.test3" time="0.004">
    <system-out><![CDATA[Hello
]]></system-out>
  </testcase>
  <testcase name="Weblogin" classname="Test.test4" time="0.002">
    <system-out><![CDATA[webLogin
]]></system-out>
  </testcase>
  <testcase name="Weblogin" classname="Test.test4" time="0.002">
    <system-out><![CDATA[webLogin
]]></system-out>
  </testcase>
  <testcase name="Websignup" classname="Test.test4" time="0.002">
    <system-out><![CDATA[Websignup
]]></system-out>
  </testcase>
  <testcase name="Websignup" classname="Test.test4" time="0.003">
    <system-out><![CDATA[Websignup
]]></system-out>
  </testcase>
  <testcase name="Mobileandroid" classname="Test.test4" time="0.012">
    <system-out><![CDATA[Mobile Android
]]></system-out>
  </testcase>
  <testcase name="Mobileapp" classname="Test.test4" time="0.004">
    <system-out><![CDATA[Mobile App
]]></system-out>
  </testcase>
  <testcase name="Mobileios" classname="Test.test4" time="0.002">
    <system-out><![CDATA[Mobile IOS
]]></system-out>
  </testcase>
  <testcase name="Mobileandroid" classname="Test.data_Provider" time="0.003">
    <system-out><![CDATA[Mobile Android
]]></system-out>
  </testcase>
  <testcase name="Mobileapp[Firstusername, FirstPassword](1)" classname="Test.data_Provider" time="0.004">
    <system-out><![CDATA[Mobile App
Firstusername
FirstPassword
]]></system-out>
  </testcase>
  <testcase name="Mobileapp[Secondusername, SecondPassword](2)" classname="Test.data_Provider" time="0.008">
    <system-out><![CDATA[Mobile App
Secondusername
SecondPassword
]]></system-out>
  </testcase>
  <testcase name="Mobileapp[Thirdusername, ThirdPassword](3)" classname="Test.data_Provider" time="0.006">
    <system-out><![CDATA[Mobile App
Thirdusername
ThirdPassword
]]></system-out>
  </testcase>
  <testcase name="Mobileios" classname="Test.data_Provider" time="0.002">
    <system-out><![CDATA[Mobile IOS
]]></system-out>
  </testcase>
  <testcase name="Weblogin" classname="Test.data_Provider" time="0.004">
    <system-out><![CDATA[webLogin
]]></system-out>
  </testcase>
  <testcase name="Websignup[Firstusername, FirstPassword](1)" classname="Test.data_Provider" time="0.004">
    <system-out><![CDATA[Websignup
Firstusername
FirstPassword
]]></system-out>
  </testcase>
  <testcase name="Websignup[Secondusername, SecondPassword](2)" classname="Test.data_Provider" time="0.005">
    <system-out><![CDATA[Websignup
Secondusername
SecondPassword
]]></system-out>
  </testcase>
  <testcase name="Websignup[Thirdusername, ThirdPassword](3)" classname="Test.data_Provider" time="0.005">
    <system-out><![CDATA[Websignup
Thirdusername
ThirdPassword
]]></system-out>
  </testcase>
</testsuite>