<?xml version="1.0" encoding="UTF-8"?>
<!-- Generated by org.testng.reporters.JUnitXMLReporter -->
<testsuite ignored="3" hostname="DESKTOP-JF0QPK0" failures="0" tests="3" name="Smoke" time="0.081" errors="0" timestamp="2023-06-20T11:04:11 IST">
  <testcase classname="Annotation.test1" name="day2" time="0.009"/>
  <testcase classname="Annotation.test3" name="login" time="0.001"/>
  <testcase classname="Test.test3" name="signup" time="0.002"/>
  <testcase classname="Test.test3" name="login" time="0.0">
    <ignored/>
  </testcase> <!-- login -->
  <testcase classname="Annotation.test3" name="signup" time="0.0">
    <ignored/>
  </testcase> <!-- signup -->
  <testcase classname="Annotation.test1" name="day1" time="0.0">
    <ignored/>
  </testcase> <!-- day1 -->
</testsuite> <!-- Smoke -->
