<?xml version="1.0" encoding="UTF-8"?>
<!-- Generated by org.testng.reporters.JUnitXMLReporter -->
<testsuite ignored="1" hostname="DESKTOP-JF0QPK0" failures="0" tests="11" name="Personal Loan" time="0.153" errors="0" timestamp="2023-07-08T17:14:32 IST">
  <testcase classname="Test.test2" name="Handson" time="0.014"/>
  <testcase classname="Test.test3" name="login" time="0.015"/>
  <testcase classname="Test.test4" name="Mobileandroid" time="0.016"/>
  <testcase classname="Test.test4" name="Mobileapp" time="0.003"/>
  <testcase classname="Test.test4" name="Mobileios" time="0.002"/>
  <testcase classname="Test.test4" name="Weblogin" time="0.002"/>
  <testcase classname="Test.test3" name="signup" time="0.002"/>
  <testcase classname="Test.test2" name="practice" time="0.029"/>
  <testcase classname="Test.test4" name="Websignup" time="0.01"/>
  <testcase classname="Test.test2" name="sample" time="0.002"/>
  <testcase classname="Test.test1" name="day1" time="0.002"/>
  <testcase classname="Test.test1" name="day2" time="0.0">
    <ignored/>
  </testcase> <!-- day2 -->
</testsuite> <!-- Personal Loan -->
