<?xml version="1.0" encoding="UTF-8"?>
<!-- Generated by org.testng.reporters.JUnitXMLReporter -->
<testsuite ignored="4" hostname="DESKTOP-JF0QPK0" failures="0" tests="3" name="Car lone" time="0.013" errors="0" timestamp="2023-06-19T17:17:39 IST">
  <testcase classname="Test.test3" name="login" time="0.001"/>
  <testcase classname="Test.test4" name="Weblogin" time="0.002"/>
  <testcase classname="Test.test4" name="Websignup" time="0.002"/>
  <testcase classname="Test.test4" name="Mobileios" time="0.0">
    <ignored/>
  </testcase> <!-- Mobileios -->
  <testcase classname="Test.test4" name="Mobileandroid" time="0.0">
    <ignored/>
  </testcase> <!-- Mobileandroid -->
  <testcase classname="Test.test4" name="Mobileapp" time="0.0">
    <ignored/>
  </testcase> <!-- Mobileapp -->
  <testcase classname="Test.test3" name="signup" time="0.0">
    <ignored/>
  </testcase> <!-- signup -->
</testsuite> <!-- Car lone -->
