<?xml version="1.0" encoding="UTF-8"?>
<testng-results ignored="0" total="1" passed="1" failed="0" skipped="0">
  <reporter-output>
  </reporter-output>
  <suite started-at="2023-07-13T09:34:05 IST" name="Default suite" finished-at="2023-07-13T09:34:05 IST" duration-ms="51">
    <groups>
    </groups>
    <test started-at="2023-07-13T09:34:05 IST" name="Default test" finished-at="2023-07-13T09:34:05 IST" duration-ms="51">
      <class name="Test.test1">
        <test-method is-config="true" signature="setUp()[pri:0, instance:Test.test1@7ef2d7a6]" started-at="2023-07-13T09:34:05 IST" name="setUp" finished-at="2023-07-13T09:34:05 IST" duration-ms="9" status="PASS">
          <reporter-output>
          </reporter-output>
        </test-method> <!-- setUp -->
        <test-method signature="day1()[pri:2, instance:Test.test1@7ef2d7a6]" started-at="2023-07-13T09:34:05 IST" name="day1" finished-at="2023-07-13T09:34:05 IST" duration-ms="11" status="PASS">
          <reporter-output>
          </reporter-output>
        </test-method> <!-- day1 -->
      </class> <!-- Test.test1 -->
    </test> <!-- Default test -->
  </suite> <!-- Default suite -->
</testng-results>
